<?xml version="1.0" encoding="UTF-8"?>
<testsuite xmlns:xsi="http://www.w3.org/2001/XMLSchema-instance" xsi:noNamespaceSchemaLocation="https://maven.apache.org/surefire/maven-surefire-plugin/xsd/surefire-test-report.xsd" name="aidancrowther.blackjack.BlackJackTest" time="0.06" tests="50" errors="0" skipped="0" failures="0">
  <properties>
    <property name="awt.toolkit" value="sun.awt.X11.XToolkit"/>
    <property name="file.encoding.pkg" value="sun.io"/>
    <property name="java.specification.version" value="1.8"/>
    <property name="sun.cpu.isalist" value=""/>
    <property name="sun.jnu.encoding" value="UTF-8"/>
    <property name="java.class.path" value="/home/aidancrowther/Documents/Projects/BlackJack/Release/temp/BlackJack/blackjack/target/test-classes:/home/aidancrowther/Documents/Projects/BlackJack/Release/temp/BlackJack/blackjack/target/classes:/home/aidancrowther/.m2/repository/junit/junit/4.11/junit-4.11.jar:/home/aidancrowther/.m2/repository/org/hamcrest/hamcrest-core/1.3/hamcrest-core-1.3.jar:"/>
    <property name="java.vm.vendor" value="Oracle Corporation"/>
    <property name="sun.arch.data.model" value="64"/>
    <property name="java.vendor.url" value="http://java.oracle.com/"/>
    <property name="user.timezone" value=""/>
    <property name="java.vm.specification.version" value="1.8"/>
    <property name="os.name" value="Linux"/>
    <property name="user.country" value="US"/>
    <property name="sun.java.launcher" value="SUN_STANDARD"/>
    <property name="sun.boot.library.path" value="/usr/lib/jvm/java-8-openjdk/jre/lib/amd64"/>
    <property name="sun.java.command" value="/home/aidancrowther/Documents/Projects/BlackJack/Release/temp/BlackJack/blackjack/target/surefire/surefirebooter547088634035343465.jar /home/aidancrowther/Documents/Projects/BlackJack/Release/temp/BlackJack/blackjack/target/surefire 2018-09-19T23-26-23_216-jvmRun1 surefire2112969998844725088tmp surefire_0329036709039998932tmp"/>
    <property name="surefire.test.class.path" value="/home/aidancrowther/Documents/Projects/BlackJack/Release/temp/BlackJack/blackjack/target/test-classes:/home/aidancrowther/Documents/Projects/BlackJack/Release/temp/BlackJack/blackjack/target/classes:/home/aidancrowther/.m2/repository/junit/junit/4.11/junit-4.11.jar:/home/aidancrowther/.m2/repository/org/hamcrest/hamcrest-core/1.3/hamcrest-core-1.3.jar:"/>
    <property name="sun.cpu.endian" value="little"/>
    <property name="user.home" value="/home/aidancrowther"/>
    <property name="user.language" value="en"/>
    <property name="java.specification.vendor" value="Oracle Corporation"/>
    <property name="java.home" value="/usr/lib/jvm/java-8-openjdk/jre"/>
    <property name="basedir" value="/home/aidancrowther/Documents/Projects/BlackJack/Release/temp/BlackJack/blackjack"/>
    <property name="file.separator" value="/"/>
    <property name="line.separator" value="&#10;"/>
    <property name="java.vm.specification.vendor" value="Oracle Corporation"/>
    <property name="java.specification.name" value="Java Platform API Specification"/>
    <property name="java.awt.graphicsenv" value="sun.awt.X11GraphicsEnvironment"/>
    <property name="surefire.real.class.path" value="/home/aidancrowther/Documents/Projects/BlackJack/Release/temp/BlackJack/blackjack/target/surefire/surefirebooter547088634035343465.jar"/>
    <property name="sun.boot.class.path" value="/usr/lib/jvm/java-8-openjdk/jre/lib/resources.jar:/usr/lib/jvm/java-8-openjdk/jre/lib/rt.jar:/usr/lib/jvm/java-8-openjdk/jre/lib/sunrsasign.jar:/usr/lib/jvm/java-8-openjdk/jre/lib/jsse.jar:/usr/lib/jvm/java-8-openjdk/jre/lib/jce.jar:/usr/lib/jvm/java-8-openjdk/jre/lib/charsets.jar:/usr/lib/jvm/java-8-openjdk/jre/lib/jfr.jar:/usr/lib/jvm/java-8-openjdk/jre/classes"/>
    <property name="sun.management.compiler" value="HotSpot 64-Bit Tiered Compilers"/>
    <property name="java.runtime.version" value="1.8.0_181-b13"/>
    <property name="user.name" value="aidancrowther"/>
    <property name="path.separator" value=":"/>
    <property name="os.version" value="4.14.68-1-MANJARO"/>
    <property name="java.endorsed.dirs" value="/usr/lib/jvm/java-8-openjdk/jre/lib/endorsed"/>
    <property name="java.runtime.name" value="OpenJDK Runtime Environment"/>
    <property name="file.encoding" value="UTF-8"/>
    <property name="java.vm.name" value="OpenJDK 64-Bit Server VM"/>
    <property name="localRepository" value="/home/aidancrowther/.m2/repository"/>
    <property name="java.vendor.url.bug" value="http://bugreport.sun.com/bugreport/"/>
    <property name="java.io.tmpdir" value="/tmp"/>
    <property name="java.version" value="1.8.0_181"/>
    <property name="user.dir" value="/home/aidancrowther/Documents/Projects/BlackJack/Release/temp/BlackJack/blackjack"/>
    <property name="os.arch" value="amd64"/>
    <property name="java.vm.specification.name" value="Java Virtual Machine Specification"/>
    <property name="java.awt.printerjob" value="sun.print.PSPrinterJob"/>
    <property name="sun.os.patch.level" value="unknown"/>
    <property name="java.library.path" value="/usr/java/packages/lib/amd64:/usr/lib64:/lib64:/lib:/usr/lib"/>
    <property name="java.vm.info" value="mixed mode"/>
    <property name="java.vendor" value="Oracle Corporation"/>
    <property name="java.vm.version" value="25.181-b13"/>
    <property name="java.ext.dirs" value="/usr/lib/jvm/java-8-openjdk/jre/lib/ext:/usr/java/packages/lib/ext"/>
    <property name="sun.io.unicode.encoding" value="UnicodeLittle"/>
    <property name="java.class.version" value="52.0"/>
  </properties>
  <testcase name="CheckBlockInvalidSplit" classname="aidancrowther.blackjack.BlackJackTest" time="0"/>
  <testcase name="CheckSetupFileGame" classname="aidancrowther.blackjack.BlackJackTest" time="0.001"/>
  <testcase name="CheckSetupGame" classname="aidancrowther.blackjack.BlackJackTest" time="0.001"/>
  <testcase name="CheckDSBJ" classname="aidancrowther.blackjack.BlackJackTest" time="0.001"/>
  <testcase name="CheckDSFW" classname="aidancrowther.blackjack.BlackJackTest" time="0"/>
  <testcase name="CheckDSSW" classname="aidancrowther.blackjack.BlackJackTest" time="0.001"/>
  <testcase name="CheckPSBJ" classname="aidancrowther.blackjack.BlackJackTest" time="0.001"/>
  <testcase name="CheckPSFW" classname="aidancrowther.blackjack.BlackJackTest" time="0"/>
  <testcase name="CheckPSSW" classname="aidancrowther.blackjack.BlackJackTest" time="0"/>
  <testcase name="CheckBB" classname="aidancrowther.blackjack.BlackJackTest" time="0.001"/>
  <testcase name="CheckDB" classname="aidancrowther.blackjack.BlackJackTest" time="0"/>
  <testcase name="CheckDW" classname="aidancrowther.blackjack.BlackJackTest" time="0"/>
  <testcase name="CheckPB" classname="aidancrowther.blackjack.BlackJackTest" time="0"/>
  <testcase name="CheckPW" classname="aidancrowther.blackjack.BlackJackTest" time="0"/>
  <testcase name="CheckST" classname="aidancrowther.blackjack.BlackJackTest" time="0.001"/>
  <testcase name="CheckInvalidFileInput" classname="aidancrowther.blackjack.BlackJackTest" time="0.011"/>
  <testcase name="CheckYesReplay" classname="aidancrowther.blackjack.BlackJackTest" time="0.001"/>
  <testcase name="CheckPlayerStand" classname="aidancrowther.blackjack.BlackJackTest" time="0"/>
  <testcase name="CheckCommandInput" classname="aidancrowther.blackjack.BlackJackTest" time="0.001"/>
  <testcase name="CheckPlayerHit" classname="aidancrowther.blackjack.BlackJackTest" time="0"/>
  <testcase name="CheckBJSplit" classname="aidancrowther.blackjack.BlackJackTest" time="0.001"/>
  <testcase name="CheckFileInput" classname="aidancrowther.blackjack.BlackJackTest" time="0.001"/>
  <testcase name="CheckNoReplay" classname="aidancrowther.blackjack.BlackJackTest" time="0"/>
  <testcase name="CheckAllowValidSplit" classname="aidancrowther.blackjack.BlackJackTest" time="0"/>
  <testcase name="CheckInvalidFileRejected" classname="aidancrowther.blackjack.BlackJackTest" time="0.002"/>
  <testcase name="CheckPlayerInputInvalid" classname="aidancrowther.blackjack.BlackJackTest" time="0"/>
  <testcase name="CheckDisplayEnding" classname="aidancrowther.blackjack.BlackJackTest" time="0.001"/>
  <testcase name="CheckDuplicateFileRejected" classname="aidancrowther.blackjack.BlackJackTest" time="0.001"/>
  <testcase name="CheckInitialBJD" classname="aidancrowther.blackjack.BlackJackTest" time="0.001"/>
  <testcase name="CheckInitialBJP" classname="aidancrowther.blackjack.BlackJackTest" time="0.002"/>
  <testcase name="CheckInvalidReplay" classname="aidancrowther.blackjack.BlackJackTest" time="0.001"/>
  <testcase name="CheckFileValidInput" classname="aidancrowther.blackjack.BlackJackTest" time="0"/>
  <testcase name="CheckDisplayPlaying" classname="aidancrowther.blackjack.BlackJackTest" time="0"/>
  <testcase name="CheckDSFBW" classname="aidancrowther.blackjack.BlackJackTest" time="0"/>
  <testcase name="CheckDSSBW" classname="aidancrowther.blackjack.BlackJackTest" time="0.001"/>
  <testcase name="CheckPSFBW" classname="aidancrowther.blackjack.BlackJackTest" time="0"/>
  <testcase name="CheckPSSBW" classname="aidancrowther.blackjack.BlackJackTest" time="0"/>
  <testcase name="CheckBBJ" classname="aidancrowther.blackjack.BlackJackTest" time="0"/>
  <testcase name="CheckPBJ" classname="aidancrowther.blackjack.BlackJackTest" time="0.001"/>
  <testcase name="CheckGameplayF1" classname="aidancrowther.blackjack.BlackJackTest" time="0.001"/>
  <testcase name="CheckGameplayF2" classname="aidancrowther.blackjack.BlackJackTest" time="0.003"/>
  <testcase name="CheckGameplayF3" classname="aidancrowther.blackjack.BlackJackTest" time="0.003"/>
  <testcase name="CheckGameplayF4" classname="aidancrowther.blackjack.BlackJackTest" time="0.003"/>
  <testcase name="CheckGameplayF5" classname="aidancrowther.blackjack.BlackJackTest" time="0.004"/>
  <testcase name="CheckGameplayF6" classname="aidancrowther.blackjack.BlackJackTest" time="0.001"/>
  <testcase name="CheckGameplayF7" classname="aidancrowther.blackjack.BlackJackTest" time="0.003"/>
  <testcase name="CheckInvalidCatch" classname="aidancrowther.blackjack.BlackJackTest" time="0.001"/>
  <testcase name="CheckT" classname="aidancrowther.blackjack.BlackJackTest" time="0"/>
  <testcase name="CheckDealingDeck" classname="aidancrowther.blackjack.BlackJackTest" time="0"/>
  <testcase name="CheckDealingFile" classname="aidancrowther.blackjack.BlackJackTest" time="0"/>
</testsuite>